<?xml version="1.0" encoding="UTF-8"?>
<coverage generated="1617051278689" clover="3.2.0">
  <project timestamp="1617051278689" name="All files">
    <metrics statements="8" coveredstatements="8" conditionals="0" coveredconditionals="0" methods="3" coveredmethods="3" elements="11" coveredelements="11" complexity="0" loc="8" ncloc="8" packages="1" files="3" classes="3"/>
    <file name="cloneArray.js" path="/Users/sungjinkim/Desktop/portfolio/js-test/js/cloneArray.js">
      <metrics statements="3" coveredstatements="3" conditionals="0" coveredconditionals="0" methods="1" coveredmethods="1"/>
      <line num="1" count="1" type="stmt"/>
      <line num="2" count="1" type="stmt"/>
      <line num="5" count="1" type="stmt"/>
    </file>
    <file name="subtract.js" path="/Users/sungjinkim/Desktop/portfolio/js-test/js/subtract.js">
      <metrics statements="3" coveredstatements="3" conditionals="0" coveredconditionals="0" methods="1" coveredmethods="1"/>
      <line num="1" count="1" type="stmt"/>
      <line num="2" count="1" type="stmt"/>
      <line num="5" count="1" type="stmt"/>
    </file>
    <file name="sum.js" path="/Users/sungjinkim/Desktop/portfolio/js-test/js/sum.js">
      <metrics statements="2" coveredstatements="2" conditionals="0" coveredconditionals="0" methods="1" coveredmethods="1"/>
      <line num="2" count="1" type="stmt"/>
      <line num="5" count="1" type="stmt"/>
    </file>
  </project>
</coverage>
