{"/Users/sungjinkim/Desktop/portfolio/js-test/js/cloneArray.js": {"path":"/Users/sungjinkim/Desktop/portfolio/js-test/js/cloneArray.js","statementMap":{"0":{"start":{"line":1,"column":21},"end":{"line":3,"column":1}},"1":{"start":{"line":2,"column":2},"end":{"line":2,"column":18}},"2":{"start":{"line":5,"column":0},"end":{"line":5,"column":30}}},"fnMap":{"0":{"name":"(anonymous_0)","decl":{"start":{"line":1,"column":21},"end":{"line":1,"column":22}},"loc":{"start":{"line":1,"column":30},"end":{"line":3,"column":1}},"line":1}},"branchMap":{},"s":{"0":1,"1":1,"2":1},"f":{"0":1},"b":{},"_coverageSchema":"1a1c01bbd47fc00a2c39e90264f33305004495a9","hash":"93a382a8a29ab4153f2a026f123be8d550cb0b8b"}
,"/Users/sungjinkim/Desktop/portfolio/js-test/js/subtract.js": {"path":"/Users/sungjinkim/Desktop/portfolio/js-test/js/subtract.js","statementMap":{"0":{"start":{"line":1,"column":18},"end":{"line":3,"column":1}},"1":{"start":{"line":2,"column":2},"end":{"line":2,"column":15}},"2":{"start":{"line":5,"column":0},"end":{"line":5,"column":27}}},"fnMap":{"0":{"name":"(anonymous_0)","decl":{"start":{"line":1,"column":18},"end":{"line":1,"column":19}},"loc":{"start":{"line":1,"column":28},"end":{"line":3,"column":1}},"line":1}},"branchMap":{},"s":{"0":1,"1":1,"2":1},"f":{"0":1},"b":{},"_coverageSchema":"1a1c01bbd47fc00a2c39e90264f33305004495a9","hash":"bc15fa33ccec3bc3736a7d12a58986dfa6ca7b12"}
,"/Users/sungjinkim/Desktop/portfolio/js-test/js/sum.js": {"path":"/Users/sungjinkim/Desktop/portfolio/js-test/js/sum.js","statementMap":{"0":{"start":{"line":2,"column":2},"end":{"line":2,"column":15}},"1":{"start":{"line":5,"column":0},"end":{"line":5,"column":21}}},"fnMap":{"0":{"name":"sum","decl":{"start":{"line":1,"column":9},"end":{"line":1,"column":12}},"loc":{"start":{"line":1,"column":19},"end":{"line":3,"column":1}},"line":1}},"branchMap":{},"s":{"0":1,"1":1},"f":{"0":1},"b":{},"_coverageSchema":"1a1c01bbd47fc00a2c39e90264f33305004495a9","hash":"9db93bbd81b0504cb83e032ab55caf785d4ec1dc"}
}
